build/app/intermediates/manifest_merge_blame_file/debug/manifest-merger-blame-debug-report.txt
1<?xml version="1.0" encoding="utf-8"?>
2<manifest xmlns:android="http://schemas.android.com/apk/res/android"
3    package="com.example.connecticitysample"
4    android:versionCode="1"
5    android:versionName="1.0.0" >
6
7    <uses-sdk
8        android:minSdkVersion="19"
9        android:targetSdkVersion="33" />
10    <!--
11         The INTERNET permission is required for development. Specifically,
12         the Flutter tool needs it to communicate with the running application
13         to allow setting breakpoints, to provide hot reload, etc.
14    -->
15    <uses-permission android:name="android.permission.INTERNET" />
15-->src\debug\AndroidManifest.xml:6:5-66
15-->src\debug\AndroidManifest.xml:6:22-64
16
17    <queries>
17-->[:flutter_inappwebview] AndroidManifest.xml:9:5-13:15
18        <intent>
18-->[:flutter_inappwebview] AndroidManifest.xml:10:9-12:18
19            <action android:name="android.support.customtabs.action.CustomTabsService" />
19-->[:flutter_inappwebview] AndroidManifest.xml:11:13-90
19-->[:flutter_inappwebview] AndroidManifest.xml:11:21-87
20        </intent>
21    </queries>
22
23    <uses-permission android:name="android.permission.ACCESS_NETWORK_STATE" />
23-->[:connectivity_plus] AndroidManifest.xml:9:5-79
23-->[:connectivity_plus] AndroidManifest.xml:9:22-76
24
25    <application
26        android:name="android.app.Application"
27        android:appComponentFactory="androidx.core.app.CoreComponentFactory"
27-->[androidx.core:core:1.8.0] AndroidManifest.xml:24:18-86
28        android:debuggable="true"
29        android:icon="@mipmap/ic_launcher"
30        android:label="connecticitysample" >
31        <activity
32            android:name="com.example.connecticitysample.MainActivity"
33            android:configChanges="orientation|keyboardHidden|keyboard|screenSize|smallestScreenSize|locale|layoutDirection|fontScale|screenLayout|density|uiMode"
34            android:exported="true"
35            android:hardwareAccelerated="true"
36            android:launchMode="singleTop"
37            android:theme="@style/LaunchTheme"
38            android:usesCleartextTraffic="true"
39            android:windowSoftInputMode="adjustResize" >
40
41            <!--
42                 Specifies an Android theme to apply to this Activity as soon as
43                 the Android process has started. This theme is visible to the user
44                 while the Flutter UI initializes. After that, this theme continues
45                 to determine the Window background behind the Flutter UI.
46            -->
47            <meta-data
48                android:name="io.flutter.embedding.android.NormalTheme"
49                android:resource="@style/NormalTheme" />
50
51            <intent-filter>
52                <action android:name="android.intent.action.MAIN" />
53
54                <category android:name="android.intent.category.LAUNCHER" />
55            </intent-filter>
56        </activity>
57        <!--
58             Don't delete the meta-data below.
59             This is used by the Flutter tool to generate GeneratedPluginRegistrant.java
60        -->
61        <meta-data
62            android:name="flutterEmbedding"
63            android:value="2" />
64
65        <activity
65-->[:flutter_inappwebview] AndroidManifest.xml:16:9-20:47
66            android:name="com.pichillilorenzo.flutter_inappwebview.in_app_browser.InAppBrowserActivity"
66-->[:flutter_inappwebview] AndroidManifest.xml:17:13-104
67            android:configChanges="orientation|keyboardHidden|keyboard|screenSize|locale|layoutDirection|fontScale|screenLayout|density"
67-->[:flutter_inappwebview] AndroidManifest.xml:18:13-137
68            android:exported="false"
68-->[:flutter_inappwebview] AndroidManifest.xml:19:13-37
69            android:theme="@style/AppTheme" />
69-->[:flutter_inappwebview] AndroidManifest.xml:20:13-44
70        <activity
70-->[:flutter_inappwebview] AndroidManifest.xml:21:9-24:55
71            android:name="com.pichillilorenzo.flutter_inappwebview.chrome_custom_tabs.ChromeCustomTabsActivity"
71-->[:flutter_inappwebview] AndroidManifest.xml:22:13-112
72            android:exported="false"
72-->[:flutter_inappwebview] AndroidManifest.xml:23:13-37
73            android:theme="@style/ThemeTransparent" />
73-->[:flutter_inappwebview] AndroidManifest.xml:24:13-52
74        <activity
74-->[:flutter_inappwebview] AndroidManifest.xml:25:9-28:55
75            android:name="com.pichillilorenzo.flutter_inappwebview.chrome_custom_tabs.TrustedWebActivity"
75-->[:flutter_inappwebview] AndroidManifest.xml:26:13-106
76            android:exported="false"
76-->[:flutter_inappwebview] AndroidManifest.xml:27:13-37
77            android:theme="@style/ThemeTransparent" />
77-->[:flutter_inappwebview] AndroidManifest.xml:28:13-52
78        <activity
78-->[:flutter_inappwebview] AndroidManifest.xml:29:9-33:55
79            android:name="com.pichillilorenzo.flutter_inappwebview.chrome_custom_tabs.ChromeCustomTabsActivitySingleInstance"
79-->[:flutter_inappwebview] AndroidManifest.xml:30:13-126
80            android:exported="false"
80-->[:flutter_inappwebview] AndroidManifest.xml:31:13-37
81            android:launchMode="singleInstance"
81-->[:flutter_inappwebview] AndroidManifest.xml:32:13-48
82            android:theme="@style/ThemeTransparent" />
82-->[:flutter_inappwebview] AndroidManifest.xml:33:13-52
83        <activity
83-->[:flutter_inappwebview] AndroidManifest.xml:34:9-38:55
84            android:name="com.pichillilorenzo.flutter_inappwebview.chrome_custom_tabs.TrustedWebActivitySingleInstance"
84-->[:flutter_inappwebview] AndroidManifest.xml:35:13-120
85            android:exported="false"
85-->[:flutter_inappwebview] AndroidManifest.xml:36:13-37
86            android:launchMode="singleInstance"
86-->[:flutter_inappwebview] AndroidManifest.xml:37:13-48
87            android:theme="@style/ThemeTransparent" />
87-->[:flutter_inappwebview] AndroidManifest.xml:38:13-52
88
89        <receiver
89-->[:flutter_inappwebview] AndroidManifest.xml:40:9-43:40
90            android:name="com.pichillilorenzo.flutter_inappwebview.chrome_custom_tabs.ActionBroadcastReceiver"
90-->[:flutter_inappwebview] AndroidManifest.xml:41:13-111
91            android:enabled="true"
91-->[:flutter_inappwebview] AndroidManifest.xml:42:13-35
92            android:exported="false" />
92-->[:flutter_inappwebview] AndroidManifest.xml:43:13-37
93
94        <meta-data
94-->[:flutter_inappwebview] AndroidManifest.xml:45:9-47:36
95            android:name="io.flutter.embedded_views_preview"
95-->[:flutter_inappwebview] AndroidManifest.xml:46:13-61
96            android:value="true" />
96-->[:flutter_inappwebview] AndroidManifest.xml:47:13-33
97
98        <uses-library
98-->[androidx.window:window:1.0.0-beta04] AndroidManifest.xml:25:9-27:40
99            android:name="androidx.window.extensions"
99-->[androidx.window:window:1.0.0-beta04] AndroidManifest.xml:26:13-54
100            android:required="false" />
100-->[androidx.window:window:1.0.0-beta04] AndroidManifest.xml:27:13-37
101        <uses-library
101-->[androidx.window:window:1.0.0-beta04] AndroidManifest.xml:28:9-30:40
102            android:name="androidx.window.sidecar"
102-->[androidx.window:window:1.0.0-beta04] AndroidManifest.xml:29:13-51
103            android:required="false" />
103-->[androidx.window:window:1.0.0-beta04] AndroidManifest.xml:30:13-37
104
105        <provider
105-->[androidx.emoji2:emoji2:1.2.0] AndroidManifest.xml:24:9-32:20
106            android:name="androidx.startup.InitializationProvider"
106-->[androidx.emoji2:emoji2:1.2.0] AndroidManifest.xml:25:13-67
107            android:authorities="com.example.connecticitysample.androidx-startup"
107-->[androidx.emoji2:emoji2:1.2.0] AndroidManifest.xml:26:13-68
108            android:exported="false" >
108-->[androidx.emoji2:emoji2:1.2.0] AndroidManifest.xml:27:13-37
109            <meta-data
109-->[androidx.emoji2:emoji2:1.2.0] AndroidManifest.xml:29:13-31:52
110                android:name="androidx.emoji2.text.EmojiCompatInitializer"
110-->[androidx.emoji2:emoji2:1.2.0] AndroidManifest.xml:30:17-75
111                android:value="androidx.startup" />
111-->[androidx.emoji2:emoji2:1.2.0] AndroidManifest.xml:31:17-49
112            <meta-data
112-->[androidx.lifecycle:lifecycle-process:2.4.1] AndroidManifest.xml:31:13-33:52
113                android:name="androidx.lifecycle.ProcessLifecycleInitializer"
113-->[androidx.lifecycle:lifecycle-process:2.4.1] AndroidManifest.xml:32:17-78
114                android:value="androidx.startup" />
114-->[androidx.lifecycle:lifecycle-process:2.4.1] AndroidManifest.xml:33:17-49
115        </provider>
116    </application>
117
118</manifest>